<?xml version="1.0" encoding="UTF-8"?>
<testsuite name="testSuite.recuperarInformacion" tests="1" skipped="0" failures="0" errors="0" timestamp="2021-03-23T20:02:39" hostname="DESKTOP-F6PM1QT" time="0.681">
  <properties/>
  <testcase name="iniciar" classname="testSuite.recuperarInformacion" time="0.681"/>
  <system-out><![CDATA[Se despliega correctamente el elemento "Campo usuario", identificador: imUname
funciona
]]></system-out>
  <system-err><![CDATA[]]></system-err>
</testsuite>
