<?xml version="1.0" encoding="UTF-8"?>
<testsuite name="testSuite.recuperarInformacion" tests="1" skipped="0" failures="0" errors="0" timestamp="2021-03-31T17:21:17" hostname="DESKTOP-F6PM1QT" time="10.245">
  <properties/>
  <testcase name="iniciar" classname="testSuite.recuperarInformacion" time="10.245"/>
  <system-out><![CDATA[Se despliega correctamente el elemento "cuadro de texto de usuario", identificador: imUname
Se despliega correctamente el elemento "Campo usuario", identificador: imUname
Se despliega correctamente el elemento "El boton cargar se despliega correctamente", identificador: imObjectForm_1_submit
[PdfBciReport] closePDF
[PdfBciReport] createTitlePage
File: OD6DNN7MJB6TQN5 Not found
]]></system-out>
  <system-err><![CDATA[]]></system-err>
</testsuite>
